<?xml version="1.0" encoding="utf-8" standalone="no"?>
<test-run id="2" testcasecount="10" result="Passed" total="10" passed="10" failed="0" inconclusive="0" skipped="0" asserts="12" engine-version="3.5.0.0" clr-version="4.0.30319.18408" start-time="2016-11-14 00:22:45Z" end-time="2016-11-14 00:22:52Z" duration="7.513552">
  <command-line><![CDATA[.\OECUpdater\packages\NUnit.ConsoleRunner.3.5.0\tools\nunit3-console.exe  .\OECUpdater\UnitTests\bin\Debug\UnitTests.dll --where "test =~ /GitHubUnitTests/"]]></command-line>
  <filter>
    <test re="1">GitHubUnitTests</test>
  </filter>
  <test-suite type="Assembly" id="0-1012" name="UnitTests.dll" fullname="C:\Users\Fen\Documents\GitHub\team06-Project\OECUpdater\UnitTests\bin\Debug\UnitTests.dll" runstate="Runnable" testcasecount="10" result="Passed" start-time="2016-11-14 00:22:45Z" end-time="2016-11-14 00:22:52Z" duration="7.369557" total="10" passed="10" failed="0" inconclusive="0" skipped="0" asserts="12">
    <environment framework-version="3.5.0.0" clr-version="4.0.30319.18408" os-version="Microsoft Windows NT 6.1.7601 Service Pack 1" platform="Win32NT" cwd="C:\Users\Fen\Documents\GitHub\team06-Project" machine-name="MININT-3ICL6ES" user="Fen" user-domain="MININT-3ICL6ES" culture="en-CA" uiculture="en-US" os-architecture="x64" />
    <settings>
      <setting name="DisposeRunners" value="True" />
      <setting name="WorkDirectory" value="C:\Users\Fen\Documents\GitHub\team06-Project" />
      <setting name="ImageRuntimeVersion" value="4.0.30319" />
      <setting name="ImageTargetFrameworkName" value=".NETFramework,Version=v4.5" />
      <setting name="ImageRequiresX86" value="False" />
      <setting name="ImageRequiresDefaultAppDomainAssemblyResolver" value="False" />
      <setting name="NumberOfTestWorkers" value="4" />
    </settings>
    <properties>
      <property name="_PID" value="2608" />
      <property name="_APPDOMAIN" value="test-domain-" />
    </properties>
    <test-suite type="TestSuite" id="0-1013" name="UnitTests" fullname="UnitTests" runstate="Runnable" testcasecount="10" result="Passed" start-time="2016-11-14 00:22:45Z" end-time="2016-11-14 00:22:52Z" duration="7.314037" total="10" passed="10" failed="0" inconclusive="0" skipped="0" asserts="12">
      <test-suite type="TestFixture" id="0-1000" name="GitHubUnitTests" fullname="UnitTests.GitHubUnitTests" classname="UnitTests.GitHubUnitTests" runstate="Runnable" testcasecount="10" result="Passed" start-time="2016-11-14 00:22:45Z" end-time="2016-11-14 00:22:52Z" duration="7.307020" total="10" passed="10" failed="0" inconclusive="0" skipped="0" asserts="12">
        <test-case id="0-1009" name="CreateBranchTest" fullname="UnitTests.GitHubUnitTests.CreateBranchTest" methodname="CreateBranchTest" classname="UnitTests.GitHubUnitTests" runstate="Runnable" seed="1784772445" result="Passed" start-time="2016-11-14 00:22:45Z" end-time="2016-11-14 00:22:48Z" duration="3.267024" asserts="1" />
        <test-case id="0-1011" name="CreateFileTest" fullname="UnitTests.GitHubUnitTests.CreateFileTest" methodname="CreateFileTest" classname="UnitTests.GitHubUnitTests" runstate="Runnable" seed="611414603" result="Passed" start-time="2016-11-14 00:22:48Z" end-time="2016-11-14 00:22:49Z" duration="0.609137" asserts="2" />
        <test-case id="0-1007" name="GetFileTest" fullname="UnitTests.GitHubUnitTests.GetFileTest" methodname="GetFileTest" classname="UnitTests.GitHubUnitTests" runstate="Runnable" seed="1594495937" result="Passed" start-time="2016-11-14 00:22:49Z" end-time="2016-11-14 00:22:49Z" duration="0.462241" asserts="1" />
        <test-suite type="ParameterizedMethod" id="0-1006" name="IsCollaboratorTest" fullname="UnitTests.GitHubUnitTests.IsCollaboratorTest" classname="UnitTests.GitHubUnitTests" runstate="Runnable" testcasecount="3" result="Passed" start-time="2016-11-14 00:22:49Z" end-time="2016-11-14 00:22:51Z" duration="1.575330" total="3" passed="3" failed="0" inconclusive="0" skipped="0" asserts="3">
          <test-case id="0-1003" name="IsCollaboratorTest(&quot;SpazioTest&quot;,&quot;OECBot&quot;,False)" fullname="UnitTests.GitHubUnitTests.IsCollaboratorTest(&quot;SpazioTest&quot;,&quot;OECBot&quot;,False)" methodname="IsCollaboratorTest" classname="UnitTests.GitHubUnitTests" runstate="Runnable" seed="1038431285" result="Passed" start-time="2016-11-14 00:22:49Z" end-time="2016-11-14 00:22:50Z" duration="0.602816" asserts="1" />
          <test-case id="0-1004" name="IsCollaboratorTest(&quot;OECTest&quot;,&quot;Gazing&quot;,True)" fullname="UnitTests.GitHubUnitTests.IsCollaboratorTest(&quot;OECTest&quot;,&quot;Gazing&quot;,True)" methodname="IsCollaboratorTest" classname="UnitTests.GitHubUnitTests" runstate="Runnable" seed="2126083858" result="Passed" start-time="2016-11-14 00:22:50Z" end-time="2016-11-14 00:22:51Z" duration="0.516089" asserts="1" />
          <test-case id="0-1005" name="IsCollaboratorTest(&quot;open_exoplanet_catalogue&quot;,&quot;OpenExoplanetCatalogue&quot;,False)" fullname="UnitTests.GitHubUnitTests.IsCollaboratorTest(&quot;open_exoplanet_catalogue&quot;,&quot;OpenExoplanetCatalogue&quot;,False)" methodname="IsCollaboratorTest" classname="UnitTests.GitHubUnitTests" runstate="Runnable" seed="2064620691" result="Passed" start-time="2016-11-14 00:22:51Z" end-time="2016-11-14 00:22:51Z" duration="0.449122" asserts="1" />
        </test-suite>
        <test-case id="0-1008" name="PullRequestTest" fullname="UnitTests.GitHubUnitTests.PullRequestTest" methodname="PullRequestTest" classname="UnitTests.GitHubUnitTests" runstate="Runnable" seed="1266844433" result="Passed" start-time="2016-11-14 00:22:51Z" end-time="2016-11-14 00:22:51Z" duration="0.358322" asserts="1" />
        <test-case id="0-1001" name="SessionStringTest" fullname="UnitTests.GitHubUnitTests.SessionStringTest" methodname="SessionStringTest" classname="UnitTests.GitHubUnitTests" runstate="Runnable" seed="1849150831" result="Passed" start-time="2016-11-14 00:22:51Z" end-time="2016-11-14 00:22:52Z" duration="0.187361" asserts="1" />
        <test-case id="0-1010" name="UpdateFileTest" fullname="UnitTests.GitHubUnitTests.UpdateFileTest" methodname="UpdateFileTest" classname="UnitTests.GitHubUnitTests" runstate="Runnable" seed="694241574" result="Passed" start-time="2016-11-14 00:22:52Z" end-time="2016-11-14 00:22:52Z" duration="0.602348" asserts="2">
          <output><![CDATA[Octokit.RepositoryContentInfo
]]></output>
        </test-case>
        <test-case id="0-1002" name="ValidSessionTypeTest" fullname="UnitTests.GitHubUnitTests.ValidSessionTypeTest" methodname="ValidSessionTypeTest" classname="UnitTests.GitHubUnitTests" runstate="Runnable" seed="1802029233" result="Passed" start-time="2016-11-14 00:22:52Z" end-time="2016-11-14 00:22:52Z" duration="0.202639" asserts="1" />
      </test-suite>
    </test-suite>
  </test-suite>
</test-run>